<?xml version="1.0" encoding="utf-8"?><testsuites name="pytest tests"><testsuite name="pytest" errors="0" failures="0" skipped="0" tests="14" time="2.053" timestamp="2026-04-23T05:57:10.601181+00:00" hostname="agent-env-526a6a22-cfb9-44af-8bf8-d7518955178a"><testcase classname="backend.tests.test_analytics_api.TestAnalyticsAPI" name="test_analytics_overview_without_auth" time="0.324" /><testcase classname="backend.tests.test_analytics_api.TestAnalyticsAPI" name="test_analytics_overview_with_auth" time="0.130" /><testcase classname="backend.tests.test_analytics_api.TestAnalyticsAPI" name="test_analytics_top_songs_without_auth" time="0.147" /><testcase classname="backend.tests.test_analytics_api.TestAnalyticsAPI" name="test_analytics_top_songs_with_auth" time="0.101" /><testcase classname="backend.tests.test_analytics_api.TestAnalyticsAPI" name="test_analytics_hourly_without_auth" time="0.111" /><testcase classname="backend.tests.test_analytics_api.TestAnalyticsAPI" name="test_analytics_hourly_with_auth" time="0.131" /><testcase classname="backend.tests.test_analytics_api.TestAnalyticsAPI" name="test_analytics_daily_without_auth" time="0.114" /><testcase classname="backend.tests.test_analytics_api.TestAnalyticsAPI" name="test_analytics_daily_with_auth" time="0.176" /><testcase classname="backend.tests.test_analytics_api.TestAnalyticsAPI" name="test_analytics_recent_without_auth" time="0.106" /><testcase classname="backend.tests.test_analytics_api.TestAnalyticsAPI" name="test_analytics_recent_with_auth" time="0.141" /><testcase classname="backend.tests.test_analytics_api.TestQueueAPI" name="test_get_queue" time="0.098" /><testcase classname="backend.tests.test_analytics_api.TestQueueAPI" name="test_get_current_song" time="0.098" /><testcase classname="backend.tests.test_analytics_api.TestQueueAPI" name="test_add_to_queue" time="0.203" /><testcase classname="backend.tests.test_analytics_api.TestStarterKitRoute" name="test_admin_route_exists" time="0.101" /></testsuite></testsuites>