<?xml version="1.0" encoding="utf-8"?><testsuites name="pytest tests"><testsuite name="pytest" errors="0" failures="0" skipped="0" tests="20" time="13.690" timestamp="2026-03-21T08:54:43.626540+00:00" hostname="agent-env-90391f58-abe4-4e0b-a179-a3383fd26b4d"><testcase classname="backend.tests.test_queueit_features.TestAdminLogin" name="test_admin_login_success" time="0.235" /><testcase classname="backend.tests.test_queueit_features.TestAdminLogin" name="test_admin_login_invalid_password" time="0.105" /><testcase classname="backend.tests.test_queueit_features.TestDownloadWebsite" name="test_download_website_accessible" time="1.153" /><testcase classname="backend.tests.test_queueit_features.TestDownloadWebsite" name="test_download_website_has_navigation" time="4.291" /><testcase classname="backend.tests.test_queueit_features.TestDownloadWebsite" name="test_download_website_has_hero_section" time="2.183" /><testcase classname="backend.tests.test_queueit_features.TestDownloadWebsite" name="test_download_website_has_features_section" time="0.095" /><testcase classname="backend.tests.test_queueit_features.TestDownloadWebsite" name="test_download_website_css_accessible" time="0.107" /><testcase classname="backend.tests.test_queueit_features.TestPWAManifest" name="test_manifest_accessible" time="2.221" /><testcase classname="backend.tests.test_queueit_features.TestPWAManifest" name="test_manifest_has_required_fields" time="0.101" /><testcase classname="backend.tests.test_queueit_features.TestPWAManifest" name="test_manifest_has_icons" time="1.130" /><testcase classname="backend.tests.test_queueit_features.TestCustomerPortal" name="test_api_root_accessible" time="0.124" /><testcase classname="backend.tests.test_queueit_features.TestCustomerPortal" name="test_queue_endpoint" time="0.105" /><testcase classname="backend.tests.test_queueit_features.TestCustomerPortal" name="test_current_song_endpoint" time="0.099" /><testcase classname="backend.tests.test_queueit_features.TestCustomerPortal" name="test_playlists_endpoint" time="0.451" /><testcase classname="backend.tests.test_queueit_features.TestCustomerPortal" name="test_search_endpoint" time="0.501" /><testcase classname="backend.tests.test_queueit_features.TestQueueManagement" name="test_add_song_to_queue" time="0.100" /><testcase classname="backend.tests.test_queueit_features.TestQueueManagement" name="test_skip_song_requires_auth" time="0.100" /><testcase classname="backend.tests.test_queueit_features.TestQueueManagement" name="test_skip_song_with_auth" time="0.204" /><testcase classname="backend.tests.test_queueit_features.TestQueueManagement" name="test_clear_queue_requires_auth" time="0.116" /><testcase classname="backend.tests.test_queueit_features.TestQueueManagement" name="test_clear_queue_with_auth" time="0.196" /></testsuite></testsuites>