<?xml version="1.0" encoding="utf-8"?><testsuites name="pytest tests"><testsuite name="pytest" errors="0" failures="0" skipped="0" tests="23" time="4.752" timestamp="2026-03-25T10:03:35.476863+00:00" hostname="agent-env-e2a86d32-180f-4a56-b9d4-0a4c86a49bc4"><testcase classname="backend.tests.test_refactored_api.TestRootEndpoint" name="test_api_root_returns_message" time="0.145" /><testcase classname="backend.tests.test_refactored_api.TestSongSearch" name="test_search_songs_returns_array" time="0.461" /><testcase classname="backend.tests.test_refactored_api.TestSongSearch" name="test_search_songs_empty_query" time="0.129" /><testcase classname="backend.tests.test_refactored_api.TestSongSearch" name="test_playlists_endpoint" time="0.427" /><testcase classname="backend.tests.test_refactored_api.TestAdminLogin" name="test_admin_login_success" time="0.114" /><testcase classname="backend.tests.test_refactored_api.TestAdminLogin" name="test_admin_login_invalid_password" time="0.113" /><testcase classname="backend.tests.test_refactored_api.TestAdminSettings" name="test_get_settings_requires_auth" time="0.104" /><testcase classname="backend.tests.test_refactored_api.TestAdminSettings" name="test_get_settings_with_auth" time="0.223" /><testcase classname="backend.tests.test_refactored_api.TestAdminSettings" name="test_update_settings_requires_auth" time="0.095" /><testcase classname="backend.tests.test_refactored_api.TestAdminSettings" name="test_update_venue_name" time="0.336" /><testcase classname="backend.tests.test_refactored_api.TestChangePassword" name="test_change_password_requires_auth" time="0.097" /><testcase classname="backend.tests.test_refactored_api.TestChangePassword" name="test_change_password_wrong_current" time="0.289" /><testcase classname="backend.tests.test_refactored_api.TestChangePassword" name="test_change_password_success_and_revert" time="0.575" /><testcase classname="backend.tests.test_refactored_api.TestQueueOperations" name="test_get_queue" time="0.108" /><testcase classname="backend.tests.test_refactored_api.TestQueueOperations" name="test_get_current_song" time="0.113" /><testcase classname="backend.tests.test_refactored_api.TestQueueOperations" name="test_add_song_to_queue" time="0.100" /><testcase classname="backend.tests.test_refactored_api.TestQueueOperations" name="test_skip_song_requires_auth" time="0.097" /><testcase classname="backend.tests.test_refactored_api.TestQueueOperations" name="test_skip_song_with_auth" time="0.224" /><testcase classname="backend.tests.test_refactored_api.TestQueueOperations" name="test_clear_queue_requires_auth" time="0.100" /><testcase classname="backend.tests.test_refactored_api.TestQueueOperations" name="test_clear_queue_with_auth" time="0.306" /><testcase classname="backend.tests.test_refactored_api.TestSpotifyEndpoints" name="test_spotify_token_check" time="0.203" /><testcase classname="backend.tests.test_refactored_api.TestSpotifyEndpoints" name="test_spotify_auth_url_requires_auth" time="0.095" /><testcase classname="backend.tests.test_refactored_api.TestSpotifyEndpoints" name="test_spotify_auth_url_with_auth" time="0.214" /></testsuite></testsuites>