<?xml version="1.0" encoding="utf-8"?><testsuites name="pytest tests"><testsuite name="pytest" errors="0" failures="0" skipped="0" tests="10" time="2.952" timestamp="2026-06-08T06:17:05.175608+00:00" hostname="agent-env-526a6a22-cfb9-44af-8bf8-d7518955178a"><testcase classname="backend.tests.test_venue_filters.TestFiltersPublicEndpoints" name="test_get_filters_returns_200" time="0.248" /><testcase classname="backend.tests.test_venue_filters.TestFiltersPublicEndpoints" name="test_get_presets_returns_200" time="0.108" /><testcase classname="backend.tests.test_venue_filters.TestFiltersAuthEndpoints" name="test_put_filters_without_auth_returns_401" time="0.138" /><testcase classname="backend.tests.test_venue_filters.TestFiltersAuthEndpoints" name="test_put_filters_with_preset" time="0.268" /><testcase classname="backend.tests.test_venue_filters.TestFiltersAuthEndpoints" name="test_put_filters_toggle_strict_mode" time="0.396" /><testcase classname="backend.tests.test_venue_filters.TestFiltersAuthEndpoints" name="test_put_filters_custom_genres" time="0.112" /><testcase classname="backend.tests.test_venue_filters.TestFiltersAuthEndpoints" name="test_put_filters_all_presets" time="0.632" /><testcase classname="backend.tests.test_venue_filters.TestSongsSearchWithGenre" name="test_search_without_genre" time="0.527" /><testcase classname="backend.tests.test_venue_filters.TestSongsSearchWithGenre" name="test_search_with_genre_parameter" time="0.330" /><testcase classname="backend.tests.test_venue_filters.TestFiltersCleanup" name="test_reset_to_fine_dining_strict" time="0.119" /></testsuite></testsuites>